INFO - 2024-12-18 05:54:22 --> Session: Class initialized using 'CodeIgniter\Session\Handlers\FileHandler' driver.
INFO - 2024-12-18 05:54:23 --> Session: Class initialized using 'CodeIgniter\Session\Handlers\FileHandler' driver.
INFO - 2024-12-18 05:54:23 --> Session: Class initialized using 'CodeIgniter\Session\Handlers\FileHandler' driver.
INFO - 2024-12-18 05:54:23 --> Session: Class initialized using 'CodeIgniter\Session\Handlers\FileHandler' driver.
INFO - 2024-12-18 05:54:23 --> Session: Class initialized using 'CodeIgniter\Session\Handlers\FileHandler' driver.
INFO - 2024-12-18 05:54:24 --> Session: Class initialized using 'CodeIgniter\Session\Handlers\FileHandler' driver.
INFO - 2024-12-18 05:54:24 --> Session: Class initialized using 'CodeIgniter\Session\Handlers\FileHandler' driver.
INFO - 2024-12-18 05:54:31 --> Session: Class initialized using 'CodeIgniter\Session\Handlers\FileHandler' driver.
INFO - 2024-12-18 05:54:31 --> Session: Class initialized using 'CodeIgniter\Session\Handlers\FileHandler' driver.
INFO - 2024-12-18 05:54:37 --> Session: Class initialized using 'CodeIgniter\Session\Handlers\FileHandler' driver.
INFO - 2024-12-18 05:54:43 --> Session: Class initialized using 'CodeIgniter\Session\Handlers\FileHandler' driver.
INFO - 2024-12-18 05:54:43 --> Session: Class initialized using 'CodeIgniter\Session\Handlers\FileHandler' driver.
INFO - 2024-12-18 05:54:48 --> Session: Class initialized using 'CodeIgniter\Session\Handlers\FileHandler' driver.
INFO - 2024-12-18 05:54:51 --> Session: Class initialized using 'CodeIgniter\Session\Handlers\FileHandler' driver.
INFO - 2024-12-18 05:54:54 --> Session: Class initialized using 'CodeIgniter\Session\Handlers\FileHandler' driver.
INFO - 2024-12-18 05:55:14 --> Session: Class initialized using 'CodeIgniter\Session\Handlers\FileHandler' driver.
INFO - 2024-12-18 05:55:20 --> Session: Class initialized using 'CodeIgniter\Session\Handlers\FileHandler' driver.
INFO - 2024-12-18 05:55:20 --> Session: Class initialized using 'CodeIgniter\Session\Handlers\FileHandler' driver.
INFO - 2024-12-18 05:55:26 --> Session: Class initialized using 'CodeIgniter\Session\Handlers\FileHandler' driver.
INFO - 2024-12-18 05:55:28 --> Session: Class initialized using 'CodeIgniter\Session\Handlers\FileHandler' driver.
INFO - 2024-12-18 05:55:57 --> Session: Class initialized using 'CodeIgniter\Session\Handlers\FileHandler' driver.
INFO - 2024-12-18 05:55:57 --> Session: Class initialized using 'CodeIgniter\Session\Handlers\FileHandler' driver.
INFO - 2024-12-18 05:56:03 --> Session: Class initialized using 'CodeIgniter\Session\Handlers\FileHandler' driver.
INFO - 2024-12-18 05:56:03 --> Session: Class initialized using 'CodeIgniter\Session\Handlers\FileHandler' driver.
INFO - 2024-12-18 05:59:47 --> Session: Class initialized using 'CodeIgniter\Session\Handlers\FileHandler' driver.
INFO - 2024-12-18 05:59:53 --> Session: Class initialized using 'CodeIgniter\Session\Handlers\FileHandler' driver.
CRITICAL - 2024-12-18 05:59:53 --> ErrorException: Uncaught Error: Call to undefined method CodeIgniter\Debug\ExceptionHandler::extend() in C:\xampp\htdocs\perekaman_data_cuaca\app\Views\errors\html\error_404.php:1
Stack trace:
#0 C:\xampp\htdocs\perekaman_data_cuaca\system\Debug\BaseExceptionHandler.php(266): include()
#1 C:\xampp\htdocs\perekaman_data_cuaca\system\Debug\BaseExceptionHandler.php(269): CodeIgniter\Debug\BaseExceptionHandler->CodeIgniter\Debug\{closure}()
#2 C:\xampp\htdocs\perekaman_data_cuaca\system\Debug\ExceptionHandler.php(114): CodeIgniter\Debug\BaseExceptionHandler->render(Object(CodeIgniter\Exceptions\PageNotFoundException), 404, 'C:\\xampp\\htdocs...')
#3 C:\xampp\htdocs\perekaman_data_cuaca\system\Debug\Exceptions.php(163): CodeIgniter\Debug\ExceptionHandler->handle(Object(CodeIgniter\Exceptions\PageNotFoundException), Object(CodeIgniter\HTTP\IncomingRequest), Object(CodeIgniter\HTTP\Response), 404, 1)
#4 [internal function]: CodeIgniter\Debug\Exceptions->exceptionHandler(Object(CodeIgniter\Exceptions\PageNotFoundException))
#5 {main}
  thrown
【Previous Exception】
CodeIgniter\Exceptions\PageNotFoundException
Page Not Found
#0 C:\xampp\htdocs\perekaman_data_cuaca\system\CodeIgniter.php(981): CodeIgniter\Exceptions\PageNotFoundException::forPageNotFound(NULL)
#1 C:\xampp\htdocs\perekaman_data_cuaca\system\CodeIgniter.php(364): CodeIgniter\CodeIgniter->display404errors(Object(CodeIgniter\Exceptions\PageNotFoundException))
#2 C:\xampp\htdocs\perekaman_data_cuaca\system\Boot.php(325): CodeIgniter\CodeIgniter->run()
#3 C:\xampp\htdocs\perekaman_data_cuaca\system\Boot.php(67): CodeIgniter\Boot::runCodeIgniter(Object(CodeIgniter\CodeIgniter))
#4 C:\xampp\htdocs\perekaman_data_cuaca\public\index.php(56): CodeIgniter\Boot::bootWeb(Object(Config\Paths))
#5 C:\xampp\htdocs\perekaman_data_cuaca\system\rewrite.php(44): require_once('C:\\xampp\\htdocs...')
#6 {main}
[Method: POST, Route: report/add]
in APPPATH\Views\errors\html\error_404.php on line 1.
 1 [internal function]: CodeIgniter\Debug\Exceptions->shutdownHandler()
INFO - 2024-12-18 05:59:53 --> Session: Class initialized using 'CodeIgniter\Session\Handlers\FileHandler' driver.
INFO - 2024-12-18 05:59:54 --> Session: Class initialized using 'CodeIgniter\Session\Handlers\FileHandler' driver.
INFO - 2024-12-18 05:59:54 --> Session: Class initialized using 'CodeIgniter\Session\Handlers\FileHandler' driver.
INFO - 2024-12-18 05:59:54 --> Session: Class initialized using 'CodeIgniter\Session\Handlers\FileHandler' driver.
INFO - 2024-12-18 05:59:54 --> Session: Class initialized using 'CodeIgniter\Session\Handlers\FileHandler' driver.
INFO - 2024-12-18 06:00:10 --> Session: Class initialized using 'CodeIgniter\Session\Handlers\FileHandler' driver.
INFO - 2024-12-18 06:00:11 --> Session: Class initialized using 'CodeIgniter\Session\Handlers\FileHandler' driver.
INFO - 2024-12-18 06:00:17 --> Session: Class initialized using 'CodeIgniter\Session\Handlers\FileHandler' driver.
INFO - 2024-12-18 06:00:17 --> Session: Class initialized using 'CodeIgniter\Session\Handlers\FileHandler' driver.
INFO - 2024-12-18 06:00:21 --> Session: Class initialized using 'CodeIgniter\Session\Handlers\FileHandler' driver.
INFO - 2024-12-18 06:00:21 --> Session: Class initialized using 'CodeIgniter\Session\Handlers\FileHandler' driver.
INFO - 2024-12-18 06:01:57 --> Session: Class initialized using 'CodeIgniter\Session\Handlers\FileHandler' driver.
INFO - 2024-12-18 06:02:06 --> Session: Class initialized using 'CodeIgniter\Session\Handlers\FileHandler' driver.
INFO - 2024-12-18 06:02:06 --> Session: Class initialized using 'CodeIgniter\Session\Handlers\FileHandler' driver.
INFO - 2024-12-18 06:02:09 --> Session: Class initialized using 'CodeIgniter\Session\Handlers\FileHandler' driver.
INFO - 2024-12-18 06:02:09 --> Session: Class initialized using 'CodeIgniter\Session\Handlers\FileHandler' driver.
INFO - 2024-12-18 06:08:15 --> Session: Class initialized using 'CodeIgniter\Session\Handlers\FileHandler' driver.
INFO - 2024-12-18 06:08:18 --> Session: Class initialized using 'CodeIgniter\Session\Handlers\FileHandler' driver.
INFO - 2024-12-18 06:08:41 --> Session: Class initialized using 'CodeIgniter\Session\Handlers\FileHandler' driver.
INFO - 2024-12-18 06:08:41 --> Session: Class initialized using 'CodeIgniter\Session\Handlers\FileHandler' driver.
INFO - 2024-12-18 06:08:45 --> Session: Class initialized using 'CodeIgniter\Session\Handlers\FileHandler' driver.
INFO - 2024-12-18 06:08:48 --> Session: Class initialized using 'CodeIgniter\Session\Handlers\FileHandler' driver.
INFO - 2024-12-18 06:08:53 --> Session: Class initialized using 'CodeIgniter\Session\Handlers\FileHandler' driver.
INFO - 2024-12-18 06:09:13 --> Session: Class initialized using 'CodeIgniter\Session\Handlers\FileHandler' driver.
INFO - 2024-12-18 06:09:19 --> Session: Class initialized using 'CodeIgniter\Session\Handlers\FileHandler' driver.
INFO - 2024-12-18 06:09:19 --> Session: Class initialized using 'CodeIgniter\Session\Handlers\FileHandler' driver.
INFO - 2024-12-18 06:09:24 --> Session: Class initialized using 'CodeIgniter\Session\Handlers\FileHandler' driver.
INFO - 2024-12-18 06:09:24 --> Session: Class initialized using 'CodeIgniter\Session\Handlers\FileHandler' driver.
INFO - 2024-12-18 06:51:22 --> Session: Class initialized using 'CodeIgniter\Session\Handlers\FileHandler' driver.
INFO - 2024-12-18 06:51:25 --> Session: Class initialized using 'CodeIgniter\Session\Handlers\FileHandler' driver.
INFO - 2024-12-18 06:51:34 --> Session: Class initialized using 'CodeIgniter\Session\Handlers\FileHandler' driver.
INFO - 2024-12-18 06:51:44 --> Session: Class initialized using 'CodeIgniter\Session\Handlers\FileHandler' driver.
INFO - 2024-12-18 06:51:47 --> Session: Class initialized using 'CodeIgniter\Session\Handlers\FileHandler' driver.
INFO - 2024-12-18 06:51:48 --> Session: Class initialized using 'CodeIgniter\Session\Handlers\FileHandler' driver.
INFO - 2024-12-18 06:52:04 --> Session: Class initialized using 'CodeIgniter\Session\Handlers\FileHandler' driver.
INFO - 2024-12-18 06:52:04 --> Session: Class initialized using 'CodeIgniter\Session\Handlers\FileHandler' driver.
INFO - 2024-12-18 06:52:09 --> Session: Class initialized using 'CodeIgniter\Session\Handlers\FileHandler' driver.
INFO - 2024-12-18 06:52:10 --> Session: Class initialized using 'CodeIgniter\Session\Handlers\FileHandler' driver.
INFO - 2024-12-18 06:52:13 --> Session: Class initialized using 'CodeIgniter\Session\Handlers\FileHandler' driver.
INFO - 2024-12-18 06:52:18 --> Session: Class initialized using 'CodeIgniter\Session\Handlers\FileHandler' driver.
INFO - 2024-12-18 06:52:23 --> Session: Class initialized using 'CodeIgniter\Session\Handlers\FileHandler' driver.
INFO - 2024-12-18 06:52:28 --> Session: Class initialized using 'CodeIgniter\Session\Handlers\FileHandler' driver.
INFO - 2024-12-18 06:55:34 --> Session: Class initialized using 'CodeIgniter\Session\Handlers\FileHandler' driver.
INFO - 2024-12-18 06:55:40 --> Session: Class initialized using 'CodeIgniter\Session\Handlers\FileHandler' driver.
INFO - 2024-12-18 06:55:45 --> Session: Class initialized using 'CodeIgniter\Session\Handlers\FileHandler' driver.
INFO - 2024-12-18 06:55:50 --> Session: Class initialized using 'CodeIgniter\Session\Handlers\FileHandler' driver.
INFO - 2024-12-18 06:57:17 --> Session: Class initialized using 'CodeIgniter\Session\Handlers\FileHandler' driver.
INFO - 2024-12-18 07:02:45 --> Session: Class initialized using 'CodeIgniter\Session\Handlers\FileHandler' driver.
INFO - 2024-12-18 07:03:26 --> Session: Class initialized using 'CodeIgniter\Session\Handlers\FileHandler' driver.
INFO - 2024-12-18 07:04:08 --> Session: Class initialized using 'CodeIgniter\Session\Handlers\FileHandler' driver.
INFO - 2024-12-18 07:16:56 --> Session: Class initialized using 'CodeIgniter\Session\Handlers\FileHandler' driver.
INFO - 2024-12-18 07:16:56 --> Session: Class initialized using 'CodeIgniter\Session\Handlers\FileHandler' driver.
INFO - 2024-12-18 07:17:02 --> Session: Class initialized using 'CodeIgniter\Session\Handlers\FileHandler' driver.
INFO - 2024-12-18 07:17:02 --> Session: Class initialized using 'CodeIgniter\Session\Handlers\FileHandler' driver.
CRITICAL - 2024-12-18 07:17:10 --> ErrorException: Uncaught Error: Call to undefined method CodeIgniter\Debug\ExceptionHandler::extend() in C:\xampp\htdocs\perekaman_data_cuaca\app\Views\errors\html\error_404.php:1
Stack trace:
#0 C:\xampp\htdocs\perekaman_data_cuaca\system\Debug\BaseExceptionHandler.php(266): include()
#1 C:\xampp\htdocs\perekaman_data_cuaca\system\Debug\BaseExceptionHandler.php(269): CodeIgniter\Debug\BaseExceptionHandler->CodeIgniter\Debug\{closure}()
#2 C:\xampp\htdocs\perekaman_data_cuaca\system\Debug\ExceptionHandler.php(114): CodeIgniter\Debug\BaseExceptionHandler->render(Object(CodeIgniter\Exceptions\PageNotFoundException), 404, 'C:\\xampp\\htdocs...')
#3 C:\xampp\htdocs\perekaman_data_cuaca\system\Debug\Exceptions.php(163): CodeIgniter\Debug\ExceptionHandler->handle(Object(CodeIgniter\Exceptions\PageNotFoundException), Object(CodeIgniter\HTTP\IncomingRequest), Object(CodeIgniter\HTTP\Response), 404, 1)
#4 [internal function]: CodeIgniter\Debug\Exceptions->exceptionHandler(Object(CodeIgniter\Exceptions\PageNotFoundException))
#5 {main}
  thrown
【Previous Exception】
CodeIgniter\Exceptions\PageNotFoundException
Page Not Found
#0 C:\xampp\htdocs\perekaman_data_cuaca\system\CodeIgniter.php(981): CodeIgniter\Exceptions\PageNotFoundException::forPageNotFound(NULL)
#1 C:\xampp\htdocs\perekaman_data_cuaca\system\CodeIgniter.php(364): CodeIgniter\CodeIgniter->display404errors(Object(CodeIgniter\Exceptions\PageNotFoundException))
#2 C:\xampp\htdocs\perekaman_data_cuaca\system\Boot.php(325): CodeIgniter\CodeIgniter->run()
#3 C:\xampp\htdocs\perekaman_data_cuaca\system\Boot.php(67): CodeIgniter\Boot::runCodeIgniter(Object(CodeIgniter\CodeIgniter))
#4 C:\xampp\htdocs\perekaman_data_cuaca\public\index.php(56): CodeIgniter\Boot::bootWeb(Object(Config\Paths))
#5 C:\xampp\htdocs\perekaman_data_cuaca\system\rewrite.php(44): require_once('C:\\xampp\\htdocs...')
#6 {main}
[Method: GET, Route: Database/]
in APPPATH\Views\errors\html\error_404.php on line 1.
 1 [internal function]: CodeIgniter\Debug\Exceptions->shutdownHandler()
CRITICAL - 2024-12-18 07:17:30 --> ErrorException: Uncaught Error: Call to undefined method CodeIgniter\Debug\ExceptionHandler::extend() in C:\xampp\htdocs\perekaman_data_cuaca\app\Views\errors\html\error_404.php:1
Stack trace:
#0 C:\xampp\htdocs\perekaman_data_cuaca\system\Debug\BaseExceptionHandler.php(266): include()
#1 C:\xampp\htdocs\perekaman_data_cuaca\system\Debug\BaseExceptionHandler.php(269): CodeIgniter\Debug\BaseExceptionHandler->CodeIgniter\Debug\{closure}()
#2 C:\xampp\htdocs\perekaman_data_cuaca\system\Debug\ExceptionHandler.php(114): CodeIgniter\Debug\BaseExceptionHandler->render(Object(CodeIgniter\Exceptions\PageNotFoundException), 404, 'C:\\xampp\\htdocs...')
#3 C:\xampp\htdocs\perekaman_data_cuaca\system\Debug\Exceptions.php(163): CodeIgniter\Debug\ExceptionHandler->handle(Object(CodeIgniter\Exceptions\PageNotFoundException), Object(CodeIgniter\HTTP\IncomingRequest), Object(CodeIgniter\HTTP\Response), 404, 1)
#4 [internal function]: CodeIgniter\Debug\Exceptions->exceptionHandler(Object(CodeIgniter\Exceptions\PageNotFoundException))
#5 {main}
  thrown
【Previous Exception】
CodeIgniter\Exceptions\PageNotFoundException
Controller or its method is not found: \App\Controllers\Database::index
#0 C:\xampp\htdocs\perekaman_data_cuaca\system\CodeIgniter.php(981): CodeIgniter\Exceptions\PageNotFoundException::forPageNotFound('Controller or i...')
#1 C:\xampp\htdocs\perekaman_data_cuaca\system\CodeIgniter.php(364): CodeIgniter\CodeIgniter->display404errors(Object(CodeIgniter\Exceptions\PageNotFoundException))
#2 C:\xampp\htdocs\perekaman_data_cuaca\system\Boot.php(325): CodeIgniter\CodeIgniter->run()
#3 C:\xampp\htdocs\perekaman_data_cuaca\system\Boot.php(67): CodeIgniter\Boot::runCodeIgniter(Object(CodeIgniter\CodeIgniter))
#4 C:\xampp\htdocs\perekaman_data_cuaca\public\index.php(56): CodeIgniter\Boot::bootWeb(Object(Config\Paths))
#5 C:\xampp\htdocs\perekaman_data_cuaca\system\rewrite.php(44): require_once('C:\\xampp\\htdocs...')
#6 {main}
[Method: GET, Route: Database/]
in APPPATH\Views\errors\html\error_404.php on line 1.
 1 [internal function]: CodeIgniter\Debug\Exceptions->shutdownHandler()
CRITICAL - 2024-12-18 07:17:45 --> ErrorException: Uncaught Error: Call to undefined method CodeIgniter\Debug\ExceptionHandler::extend() in C:\xampp\htdocs\perekaman_data_cuaca\app\Views\errors\html\error_404.php:1
Stack trace:
#0 C:\xampp\htdocs\perekaman_data_cuaca\system\Debug\BaseExceptionHandler.php(266): include()
#1 C:\xampp\htdocs\perekaman_data_cuaca\system\Debug\BaseExceptionHandler.php(269): CodeIgniter\Debug\BaseExceptionHandler->CodeIgniter\Debug\{closure}()
#2 C:\xampp\htdocs\perekaman_data_cuaca\system\Debug\ExceptionHandler.php(114): CodeIgniter\Debug\BaseExceptionHandler->render(Object(CodeIgniter\Exceptions\PageNotFoundException), 404, 'C:\\xampp\\htdocs...')
#3 C:\xampp\htdocs\perekaman_data_cuaca\system\Debug\Exceptions.php(163): CodeIgniter\Debug\ExceptionHandler->handle(Object(CodeIgniter\Exceptions\PageNotFoundException), Object(CodeIgniter\HTTP\IncomingRequest), Object(CodeIgniter\HTTP\Response), 404, 1)
#4 [internal function]: CodeIgniter\Debug\Exceptions->exceptionHandler(Object(CodeIgniter\Exceptions\PageNotFoundException))
#5 {main}
  thrown
【Previous Exception】
CodeIgniter\Exceptions\PageNotFoundException
Controller or its method is not found: \App\Controllers\Database::index
#0 C:\xampp\htdocs\perekaman_data_cuaca\system\CodeIgniter.php(981): CodeIgniter\Exceptions\PageNotFoundException::forPageNotFound('Controller or i...')
#1 C:\xampp\htdocs\perekaman_data_cuaca\system\CodeIgniter.php(364): CodeIgniter\CodeIgniter->display404errors(Object(CodeIgniter\Exceptions\PageNotFoundException))
#2 C:\xampp\htdocs\perekaman_data_cuaca\system\Boot.php(325): CodeIgniter\CodeIgniter->run()
#3 C:\xampp\htdocs\perekaman_data_cuaca\system\Boot.php(67): CodeIgniter\Boot::runCodeIgniter(Object(CodeIgniter\CodeIgniter))
#4 C:\xampp\htdocs\perekaman_data_cuaca\public\index.php(56): CodeIgniter\Boot::bootWeb(Object(Config\Paths))
#5 C:\xampp\htdocs\perekaman_data_cuaca\system\rewrite.php(44): require_once('C:\\xampp\\htdocs...')
#6 {main}
[Method: GET, Route: Database/index]
in APPPATH\Views\errors\html\error_404.php on line 1.
 1 [internal function]: CodeIgniter\Debug\Exceptions->shutdownHandler()
CRITICAL - 2024-12-18 07:18:01 --> ErrorException: Uncaught Error: Call to undefined method CodeIgniter\Debug\ExceptionHandler::extend() in C:\xampp\htdocs\perekaman_data_cuaca\app\Views\errors\html\error_404.php:1
Stack trace:
#0 C:\xampp\htdocs\perekaman_data_cuaca\system\Debug\BaseExceptionHandler.php(266): include()
#1 C:\xampp\htdocs\perekaman_data_cuaca\system\Debug\BaseExceptionHandler.php(269): CodeIgniter\Debug\BaseExceptionHandler->CodeIgniter\Debug\{closure}()
#2 C:\xampp\htdocs\perekaman_data_cuaca\system\Debug\ExceptionHandler.php(114): CodeIgniter\Debug\BaseExceptionHandler->render(Object(CodeIgniter\Exceptions\PageNotFoundException), 404, 'C:\\xampp\\htdocs...')
#3 C:\xampp\htdocs\perekaman_data_cuaca\system\Debug\Exceptions.php(163): CodeIgniter\Debug\ExceptionHandler->handle(Object(CodeIgniter\Exceptions\PageNotFoundException), Object(CodeIgniter\HTTP\IncomingRequest), Object(CodeIgniter\HTTP\Response), 404, 1)
#4 [internal function]: CodeIgniter\Debug\Exceptions->exceptionHandler(Object(CodeIgniter\Exceptions\PageNotFoundException))
#5 {main}
  thrown
【Previous Exception】
CodeIgniter\Exceptions\PageNotFoundException
Controller or its method is not found: \App\Controllers\Database::index
#0 C:\xampp\htdocs\perekaman_data_cuaca\system\CodeIgniter.php(981): CodeIgniter\Exceptions\PageNotFoundException::forPageNotFound('Controller or i...')
#1 C:\xampp\htdocs\perekaman_data_cuaca\system\CodeIgniter.php(364): CodeIgniter\CodeIgniter->display404errors(Object(CodeIgniter\Exceptions\PageNotFoundException))
#2 C:\xampp\htdocs\perekaman_data_cuaca\system\Boot.php(325): CodeIgniter\CodeIgniter->run()
#3 C:\xampp\htdocs\perekaman_data_cuaca\system\Boot.php(67): CodeIgniter\Boot::runCodeIgniter(Object(CodeIgniter\CodeIgniter))
#4 C:\xampp\htdocs\perekaman_data_cuaca\public\index.php(56): CodeIgniter\Boot::bootWeb(Object(Config\Paths))
#5 C:\xampp\htdocs\perekaman_data_cuaca\system\rewrite.php(44): require_once('C:\\xampp\\htdocs...')
#6 {main}
[Method: GET, Route: database/index]
in APPPATH\Views\errors\html\error_404.php on line 1.
 1 [internal function]: CodeIgniter\Debug\Exceptions->shutdownHandler()
CRITICAL - 2024-12-18 07:18:05 --> ErrorException: Uncaught Error: Call to undefined method CodeIgniter\Debug\ExceptionHandler::extend() in C:\xampp\htdocs\perekaman_data_cuaca\app\Views\errors\html\error_404.php:1
Stack trace:
#0 C:\xampp\htdocs\perekaman_data_cuaca\system\Debug\BaseExceptionHandler.php(266): include()
#1 C:\xampp\htdocs\perekaman_data_cuaca\system\Debug\BaseExceptionHandler.php(269): CodeIgniter\Debug\BaseExceptionHandler->CodeIgniter\Debug\{closure}()
#2 C:\xampp\htdocs\perekaman_data_cuaca\system\Debug\ExceptionHandler.php(114): CodeIgniter\Debug\BaseExceptionHandler->render(Object(CodeIgniter\Exceptions\PageNotFoundException), 404, 'C:\\xampp\\htdocs...')
#3 C:\xampp\htdocs\perekaman_data_cuaca\system\Debug\Exceptions.php(163): CodeIgniter\Debug\ExceptionHandler->handle(Object(CodeIgniter\Exceptions\PageNotFoundException), Object(CodeIgniter\HTTP\IncomingRequest), Object(CodeIgniter\HTTP\Response), 404, 1)
#4 [internal function]: CodeIgniter\Debug\Exceptions->exceptionHandler(Object(CodeIgniter\Exceptions\PageNotFoundException))
#5 {main}
  thrown
【Previous Exception】
CodeIgniter\Exceptions\PageNotFoundException
Controller or its method is not found: \App\Controllers\Database::index
#0 C:\xampp\htdocs\perekaman_data_cuaca\system\CodeIgniter.php(981): CodeIgniter\Exceptions\PageNotFoundException::forPageNotFound('Controller or i...')
#1 C:\xampp\htdocs\perekaman_data_cuaca\system\CodeIgniter.php(364): CodeIgniter\CodeIgniter->display404errors(Object(CodeIgniter\Exceptions\PageNotFoundException))
#2 C:\xampp\htdocs\perekaman_data_cuaca\system\Boot.php(325): CodeIgniter\CodeIgniter->run()
#3 C:\xampp\htdocs\perekaman_data_cuaca\system\Boot.php(67): CodeIgniter\Boot::runCodeIgniter(Object(CodeIgniter\CodeIgniter))
#4 C:\xampp\htdocs\perekaman_data_cuaca\public\index.php(56): CodeIgniter\Boot::bootWeb(Object(Config\Paths))
#5 C:\xampp\htdocs\perekaman_data_cuaca\system\rewrite.php(44): require_once('C:\\xampp\\htdocs...')
#6 {main}
[Method: GET, Route: database/]
in APPPATH\Views\errors\html\error_404.php on line 1.
 1 [internal function]: CodeIgniter\Debug\Exceptions->shutdownHandler()
INFO - 2024-12-18 07:19:58 --> Session: Class initialized using 'CodeIgniter\Session\Handlers\FileHandler' driver.
INFO - 2024-12-18 07:19:58 --> Session: Class initialized using 'CodeIgniter\Session\Handlers\FileHandler' driver.
INFO - 2024-12-18 07:20:02 --> Session: Class initialized using 'CodeIgniter\Session\Handlers\FileHandler' driver.
INFO - 2024-12-18 07:20:05 --> Session: Class initialized using 'CodeIgniter\Session\Handlers\FileHandler' driver.
INFO - 2024-12-18 08:16:03 --> Session: Class initialized using 'CodeIgniter\Session\Handlers\FileHandler' driver.
INFO - 2024-12-18 08:16:04 --> Session: Class initialized using 'CodeIgniter\Session\Handlers\FileHandler' driver.
CRITICAL - 2024-12-18 08:16:13 --> ErrorException: Uncaught Error: Call to undefined method CodeIgniter\Debug\ExceptionHandler::extend() in C:\xampp\htdocs\perekaman_data_cuaca\app\Views\errors\html\error_404.php:1
Stack trace:
#0 C:\xampp\htdocs\perekaman_data_cuaca\system\Debug\BaseExceptionHandler.php(266): include()
#1 C:\xampp\htdocs\perekaman_data_cuaca\system\Debug\BaseExceptionHandler.php(269): CodeIgniter\Debug\BaseExceptionHandler->CodeIgniter\Debug\{closure}()
#2 C:\xampp\htdocs\perekaman_data_cuaca\system\Debug\ExceptionHandler.php(114): CodeIgniter\Debug\BaseExceptionHandler->render(Object(CodeIgniter\Exceptions\PageNotFoundException), 404, 'C:\\xampp\\htdocs...')
#3 C:\xampp\htdocs\perekaman_data_cuaca\system\Debug\Exceptions.php(163): CodeIgniter\Debug\ExceptionHandler->handle(Object(CodeIgniter\Exceptions\PageNotFoundException), Object(CodeIgniter\HTTP\IncomingRequest), Object(CodeIgniter\HTTP\Response), 404, 1)
#4 [internal function]: CodeIgniter\Debug\Exceptions->exceptionHandler(Object(CodeIgniter\Exceptions\PageNotFoundException))
#5 {main}
  thrown
【Previous Exception】
CodeIgniter\Exceptions\PageNotFoundException
Page Not Found
#0 C:\xampp\htdocs\perekaman_data_cuaca\system\CodeIgniter.php(981): CodeIgniter\Exceptions\PageNotFoundException::forPageNotFound(NULL)
#1 C:\xampp\htdocs\perekaman_data_cuaca\system\CodeIgniter.php(364): CodeIgniter\CodeIgniter->display404errors(Object(CodeIgniter\Exceptions\PageNotFoundException))
#2 C:\xampp\htdocs\perekaman_data_cuaca\system\Boot.php(325): CodeIgniter\CodeIgniter->run()
#3 C:\xampp\htdocs\perekaman_data_cuaca\system\Boot.php(67): CodeIgniter\Boot::runCodeIgniter(Object(CodeIgniter\CodeIgniter))
#4 C:\xampp\htdocs\perekaman_data_cuaca\public\index.php(56): CodeIgniter\Boot::bootWeb(Object(Config\Paths))
#5 C:\xampp\htdocs\perekaman_data_cuaca\system\rewrite.php(44): require_once('C:\\xampp\\htdocs...')
#6 {main}
[Method: GET, Route: database/backup]
in APPPATH\Views\errors\html\error_404.php on line 1.
 1 [internal function]: CodeIgniter\Debug\Exceptions->shutdownHandler()
CRITICAL - 2024-12-18 08:16:29 --> ErrorException: Uncaught Error: Call to undefined method CodeIgniter\Debug\ExceptionHandler::extend() in C:\xampp\htdocs\perekaman_data_cuaca\app\Views\errors\html\error_404.php:1
Stack trace:
#0 C:\xampp\htdocs\perekaman_data_cuaca\system\Debug\BaseExceptionHandler.php(266): include()
#1 C:\xampp\htdocs\perekaman_data_cuaca\system\Debug\BaseExceptionHandler.php(269): CodeIgniter\Debug\BaseExceptionHandler->CodeIgniter\Debug\{closure}()
#2 C:\xampp\htdocs\perekaman_data_cuaca\system\Debug\ExceptionHandler.php(114): CodeIgniter\Debug\BaseExceptionHandler->render(Object(CodeIgniter\Exceptions\PageNotFoundException), 404, 'C:\\xampp\\htdocs...')
#3 C:\xampp\htdocs\perekaman_data_cuaca\system\Debug\Exceptions.php(163): CodeIgniter\Debug\ExceptionHandler->handle(Object(CodeIgniter\Exceptions\PageNotFoundException), Object(CodeIgniter\HTTP\IncomingRequest), Object(CodeIgniter\HTTP\Response), 404, 1)
#4 [internal function]: CodeIgniter\Debug\Exceptions->exceptionHandler(Object(CodeIgniter\Exceptions\PageNotFoundException))
#5 {main}
  thrown
【Previous Exception】
CodeIgniter\Exceptions\PageNotFoundException
Controller method is not found: "backup"
#0 C:\xampp\htdocs\perekaman_data_cuaca\system\CodeIgniter.php(981): CodeIgniter\Exceptions\PageNotFoundException::forPageNotFound('Controller meth...')
#1 C:\xampp\htdocs\perekaman_data_cuaca\system\CodeIgniter.php(364): CodeIgniter\CodeIgniter->display404errors(Object(CodeIgniter\Exceptions\PageNotFoundException))
#2 C:\xampp\htdocs\perekaman_data_cuaca\system\Boot.php(325): CodeIgniter\CodeIgniter->run()
#3 C:\xampp\htdocs\perekaman_data_cuaca\system\Boot.php(67): CodeIgniter\Boot::runCodeIgniter(Object(CodeIgniter\CodeIgniter))
#4 C:\xampp\htdocs\perekaman_data_cuaca\public\index.php(56): CodeIgniter\Boot::bootWeb(Object(Config\Paths))
#5 C:\xampp\htdocs\perekaman_data_cuaca\system\rewrite.php(44): require_once('C:\\xampp\\htdocs...')
#6 {main}
[Method: GET, Route: database/backup]
in APPPATH\Views\errors\html\error_404.php on line 1.
 1 [internal function]: CodeIgniter\Debug\Exceptions->shutdownHandler()
CRITICAL - 2024-12-18 08:16:53 --> Error: Call to a member function backup() on null
[Method: GET, Route: database/backup]
in APPPATH\Controllers\Database.php on line 25.
 1 SYSTEMPATH\CodeIgniter.php(933): App\Controllers\Database->backup()
 2 SYSTEMPATH\CodeIgniter.php(509): CodeIgniter\CodeIgniter->runController(Object(App\Controllers\Database))
 3 SYSTEMPATH\CodeIgniter.php(355): CodeIgniter\CodeIgniter->handleRequest(null, Object(Config\Cache), false)
 4 SYSTEMPATH\Boot.php(325): CodeIgniter\CodeIgniter->run()
 5 SYSTEMPATH\Boot.php(67): CodeIgniter\Boot::runCodeIgniter(Object(CodeIgniter\CodeIgniter))
 6 FCPATH\index.php(56): CodeIgniter\Boot::bootWeb(Object(Config\Paths))
 7 SYSTEMPATH\rewrite.php(44): require_once('C:\\xampp\\htdocs\\perekaman_data_cuaca\\public\\index.php')
CRITICAL - 2024-12-18 08:16:53 --> ErrorException: Uncaught Error: Call to undefined method CodeIgniter\Debug\ExceptionHandler::cleanPath() in C:\xampp\htdocs\perekaman_data_cuaca\app\Views\errors\html\error_exception.php:33
Stack trace:
#0 C:\xampp\htdocs\perekaman_data_cuaca\system\Debug\BaseExceptionHandler.php(266): include()
#1 C:\xampp\htdocs\perekaman_data_cuaca\system\Debug\BaseExceptionHandler.php(269): CodeIgniter\Debug\BaseExceptionHandler->CodeIgniter\Debug\{closure}()
#2 C:\xampp\htdocs\perekaman_data_cuaca\system\Debug\ExceptionHandler.php(114): CodeIgniter\Debug\BaseExceptionHandler->render(Object(Error), 500, 'C:\\xampp\\htdocs...')
#3 C:\xampp\htdocs\perekaman_data_cuaca\system\Debug\Exceptions.php(163): CodeIgniter\Debug\ExceptionHandler->handle(Object(Error), Object(CodeIgniter\HTTP\IncomingRequest), Object(CodeIgniter\HTTP\Response), 500, 1)
#4 [internal function]: CodeIgniter\Debug\Exceptions->exceptionHandler(Object(Error))
#5 {main}
  thrown
【Previous Exception】
Error
Call to a member function backup() on null
#0 C:\xampp\htdocs\perekaman_data_cuaca\system\CodeIgniter.php(933): App\Controllers\Database->backup()
#1 C:\xampp\htdocs\perekaman_data_cuaca\system\CodeIgniter.php(509): CodeIgniter\CodeIgniter->runController(Object(App\Controllers\Database))
#2 C:\xampp\htdocs\perekaman_data_cuaca\system\CodeIgniter.php(355): CodeIgniter\CodeIgniter->handleRequest(NULL, Object(Config\Cache), false)
#3 C:\xampp\htdocs\perekaman_data_cuaca\system\Boot.php(325): CodeIgniter\CodeIgniter->run()
#4 C:\xampp\htdocs\perekaman_data_cuaca\system\Boot.php(67): CodeIgniter\Boot::runCodeIgniter(Object(CodeIgniter\CodeIgniter))
#5 C:\xampp\htdocs\perekaman_data_cuaca\public\index.php(56): CodeIgniter\Boot::bootWeb(Object(Config\Paths))
#6 C:\xampp\htdocs\perekaman_data_cuaca\system\rewrite.php(44): require_once('C:\\xampp\\htdocs...')
#7 {main}
[Method: GET, Route: database/backup]
in APPPATH\Views\errors\html\error_exception.php on line 33.
 1 [internal function]: CodeIgniter\Debug\Exceptions->shutdownHandler()
CRITICAL - 2024-12-18 08:16:53 --> Error: Call to a member function backup() on null
[Method: HEAD, Route: database/backup]
in APPPATH\Controllers\Database.php on line 25.
 1 SYSTEMPATH\CodeIgniter.php(933): App\Controllers\Database->backup()
 2 SYSTEMPATH\CodeIgniter.php(509): CodeIgniter\CodeIgniter->runController(Object(App\Controllers\Database))
 3 SYSTEMPATH\CodeIgniter.php(355): CodeIgniter\CodeIgniter->handleRequest(null, Object(Config\Cache), false)
 4 SYSTEMPATH\Boot.php(325): CodeIgniter\CodeIgniter->run()
 5 SYSTEMPATH\Boot.php(67): CodeIgniter\Boot::runCodeIgniter(Object(CodeIgniter\CodeIgniter))
 6 FCPATH\index.php(56): CodeIgniter\Boot::bootWeb(Object(Config\Paths))
 7 SYSTEMPATH\rewrite.php(44): require_once('C:\\xampp\\htdocs\\perekaman_data_cuaca\\public\\index.php')
CRITICAL - 2024-12-18 08:16:53 --> Error: Call to a member function backup() on null
[Method: HEAD, Route: database/backup]
in APPPATH\Controllers\Database.php on line 25.
 1 SYSTEMPATH\CodeIgniter.php(933): App\Controllers\Database->backup()
 2 SYSTEMPATH\CodeIgniter.php(509): CodeIgniter\CodeIgniter->runController(Object(App\Controllers\Database))
 3 SYSTEMPATH\CodeIgniter.php(355): CodeIgniter\CodeIgniter->handleRequest(null, Object(Config\Cache), false)
 4 SYSTEMPATH\Boot.php(325): CodeIgniter\CodeIgniter->run()
 5 SYSTEMPATH\Boot.php(67): CodeIgniter\Boot::runCodeIgniter(Object(CodeIgniter\CodeIgniter))
 6 FCPATH\index.php(56): CodeIgniter\Boot::bootWeb(Object(Config\Paths))
 7 SYSTEMPATH\rewrite.php(44): require_once('C:\\xampp\\htdocs\\perekaman_data_cuaca\\public\\index.php')
CRITICAL - 2024-12-18 08:16:53 --> Error: Call to a member function backup() on null
[Method: HEAD, Route: database/backup]
in APPPATH\Controllers\Database.php on line 25.
 1 SYSTEMPATH\CodeIgniter.php(933): App\Controllers\Database->backup()
 2 SYSTEMPATH\CodeIgniter.php(509): CodeIgniter\CodeIgniter->runController(Object(App\Controllers\Database))
 3 SYSTEMPATH\CodeIgniter.php(355): CodeIgniter\CodeIgniter->handleRequest(null, Object(Config\Cache), false)
 4 SYSTEMPATH\Boot.php(325): CodeIgniter\CodeIgniter->run()
 5 SYSTEMPATH\Boot.php(67): CodeIgniter\Boot::runCodeIgniter(Object(CodeIgniter\CodeIgniter))
 6 FCPATH\index.php(56): CodeIgniter\Boot::bootWeb(Object(Config\Paths))
 7 SYSTEMPATH\rewrite.php(44): require_once('C:\\xampp\\htdocs\\perekaman_data_cuaca\\public\\index.php')
CRITICAL - 2024-12-18 08:16:53 --> Error: Call to a member function backup() on null
[Method: HEAD, Route: database/backup]
in APPPATH\Controllers\Database.php on line 25.
 1 SYSTEMPATH\CodeIgniter.php(933): App\Controllers\Database->backup()
 2 SYSTEMPATH\CodeIgniter.php(509): CodeIgniter\CodeIgniter->runController(Object(App\Controllers\Database))
 3 SYSTEMPATH\CodeIgniter.php(355): CodeIgniter\CodeIgniter->handleRequest(null, Object(Config\Cache), false)
 4 SYSTEMPATH\Boot.php(325): CodeIgniter\CodeIgniter->run()
 5 SYSTEMPATH\Boot.php(67): CodeIgniter\Boot::runCodeIgniter(Object(CodeIgniter\CodeIgniter))
 6 FCPATH\index.php(56): CodeIgniter\Boot::bootWeb(Object(Config\Paths))
 7 SYSTEMPATH\rewrite.php(44): require_once('C:\\xampp\\htdocs\\perekaman_data_cuaca\\public\\index.php')
CRITICAL - 2024-12-18 08:16:53 --> Error: Call to a member function backup() on null
[Method: HEAD, Route: database/backup]
in APPPATH\Controllers\Database.php on line 25.
 1 SYSTEMPATH\CodeIgniter.php(933): App\Controllers\Database->backup()
 2 SYSTEMPATH\CodeIgniter.php(509): CodeIgniter\CodeIgniter->runController(Object(App\Controllers\Database))
 3 SYSTEMPATH\CodeIgniter.php(355): CodeIgniter\CodeIgniter->handleRequest(null, Object(Config\Cache), false)
 4 SYSTEMPATH\Boot.php(325): CodeIgniter\CodeIgniter->run()
 5 SYSTEMPATH\Boot.php(67): CodeIgniter\Boot::runCodeIgniter(Object(CodeIgniter\CodeIgniter))
 6 FCPATH\index.php(56): CodeIgniter\Boot::bootWeb(Object(Config\Paths))
 7 SYSTEMPATH\rewrite.php(44): require_once('C:\\xampp\\htdocs\\perekaman_data_cuaca\\public\\index.php')
CRITICAL - 2024-12-18 08:18:17 --> Error: Call to undefined method CodeIgniter\Database\MySQLi\Connection::getUtils()
[Method: HEAD, Route: database/backup]
in APPPATH\Controllers\Database.php on line 25.
 1 SYSTEMPATH\CodeIgniter.php(933): App\Controllers\Database->backup()
 2 SYSTEMPATH\CodeIgniter.php(509): CodeIgniter\CodeIgniter->runController(Object(App\Controllers\Database))
 3 SYSTEMPATH\CodeIgniter.php(355): CodeIgniter\CodeIgniter->handleRequest(null, Object(Config\Cache), false)
 4 SYSTEMPATH\Boot.php(325): CodeIgniter\CodeIgniter->run()
 5 SYSTEMPATH\Boot.php(67): CodeIgniter\Boot::runCodeIgniter(Object(CodeIgniter\CodeIgniter))
 6 FCPATH\index.php(56): CodeIgniter\Boot::bootWeb(Object(Config\Paths))
 7 SYSTEMPATH\rewrite.php(44): require_once('C:\\xampp\\htdocs\\perekaman_data_cuaca\\public\\index.php')
CRITICAL - 2024-12-18 08:18:18 --> Error: Call to undefined method CodeIgniter\Database\MySQLi\Connection::getUtils()
[Method: GET, Route: database/backup]
in APPPATH\Controllers\Database.php on line 25.
 1 SYSTEMPATH\CodeIgniter.php(933): App\Controllers\Database->backup()
 2 SYSTEMPATH\CodeIgniter.php(509): CodeIgniter\CodeIgniter->runController(Object(App\Controllers\Database))
 3 SYSTEMPATH\CodeIgniter.php(355): CodeIgniter\CodeIgniter->handleRequest(null, Object(Config\Cache), false)
 4 SYSTEMPATH\Boot.php(325): CodeIgniter\CodeIgniter->run()
 5 SYSTEMPATH\Boot.php(67): CodeIgniter\Boot::runCodeIgniter(Object(CodeIgniter\CodeIgniter))
 6 FCPATH\index.php(56): CodeIgniter\Boot::bootWeb(Object(Config\Paths))
 7 SYSTEMPATH\rewrite.php(44): require_once('C:\\xampp\\htdocs\\perekaman_data_cuaca\\public\\index.php')
CRITICAL - 2024-12-18 08:18:18 --> ErrorException: Uncaught Error: Call to undefined method CodeIgniter\Debug\ExceptionHandler::cleanPath() in C:\xampp\htdocs\perekaman_data_cuaca\app\Views\errors\html\error_exception.php:33
Stack trace:
#0 C:\xampp\htdocs\perekaman_data_cuaca\system\Debug\BaseExceptionHandler.php(266): include()
#1 C:\xampp\htdocs\perekaman_data_cuaca\system\Debug\BaseExceptionHandler.php(269): CodeIgniter\Debug\BaseExceptionHandler->CodeIgniter\Debug\{closure}()
#2 C:\xampp\htdocs\perekaman_data_cuaca\system\Debug\ExceptionHandler.php(114): CodeIgniter\Debug\BaseExceptionHandler->render(Object(Error), 500, 'C:\\xampp\\htdocs...')
#3 C:\xampp\htdocs\perekaman_data_cuaca\system\Debug\Exceptions.php(163): CodeIgniter\Debug\ExceptionHandler->handle(Object(Error), Object(CodeIgniter\HTTP\IncomingRequest), Object(CodeIgniter\HTTP\Response), 500, 1)
#4 [internal function]: CodeIgniter\Debug\Exceptions->exceptionHandler(Object(Error))
#5 {main}
  thrown
【Previous Exception】
Error
Call to undefined method CodeIgniter\Database\MySQLi\Connection::getUtils()
#0 C:\xampp\htdocs\perekaman_data_cuaca\system\CodeIgniter.php(933): App\Controllers\Database->backup()
#1 C:\xampp\htdocs\perekaman_data_cuaca\system\CodeIgniter.php(509): CodeIgniter\CodeIgniter->runController(Object(App\Controllers\Database))
#2 C:\xampp\htdocs\perekaman_data_cuaca\system\CodeIgniter.php(355): CodeIgniter\CodeIgniter->handleRequest(NULL, Object(Config\Cache), false)
#3 C:\xampp\htdocs\perekaman_data_cuaca\system\Boot.php(325): CodeIgniter\CodeIgniter->run()
#4 C:\xampp\htdocs\perekaman_data_cuaca\system\Boot.php(67): CodeIgniter\Boot::runCodeIgniter(Object(CodeIgniter\CodeIgniter))
#5 C:\xampp\htdocs\perekaman_data_cuaca\public\index.php(56): CodeIgniter\Boot::bootWeb(Object(Config\Paths))
#6 C:\xampp\htdocs\perekaman_data_cuaca\system\rewrite.php(44): require_once('C:\\xampp\\htdocs...')
#7 {main}
[Method: GET, Route: database/backup]
in APPPATH\Views\errors\html\error_exception.php on line 33.
 1 [internal function]: CodeIgniter\Debug\Exceptions->shutdownHandler()
CRITICAL - 2024-12-18 08:18:18 --> Error: Call to undefined method CodeIgniter\Database\MySQLi\Connection::getUtils()
[Method: HEAD, Route: database/backup]
in APPPATH\Controllers\Database.php on line 25.
 1 SYSTEMPATH\CodeIgniter.php(933): App\Controllers\Database->backup()
 2 SYSTEMPATH\CodeIgniter.php(509): CodeIgniter\CodeIgniter->runController(Object(App\Controllers\Database))
 3 SYSTEMPATH\CodeIgniter.php(355): CodeIgniter\CodeIgniter->handleRequest(null, Object(Config\Cache), false)
 4 SYSTEMPATH\Boot.php(325): CodeIgniter\CodeIgniter->run()
 5 SYSTEMPATH\Boot.php(67): CodeIgniter\Boot::runCodeIgniter(Object(CodeIgniter\CodeIgniter))
 6 FCPATH\index.php(56): CodeIgniter\Boot::bootWeb(Object(Config\Paths))
 7 SYSTEMPATH\rewrite.php(44): require_once('C:\\xampp\\htdocs\\perekaman_data_cuaca\\public\\index.php')
CRITICAL - 2024-12-18 08:18:18 --> Error: Call to undefined method CodeIgniter\Database\MySQLi\Connection::getUtils()
[Method: HEAD, Route: database/backup]
in APPPATH\Controllers\Database.php on line 25.
 1 SYSTEMPATH\CodeIgniter.php(933): App\Controllers\Database->backup()
 2 SYSTEMPATH\CodeIgniter.php(509): CodeIgniter\CodeIgniter->runController(Object(App\Controllers\Database))
 3 SYSTEMPATH\CodeIgniter.php(355): CodeIgniter\CodeIgniter->handleRequest(null, Object(Config\Cache), false)
 4 SYSTEMPATH\Boot.php(325): CodeIgniter\CodeIgniter->run()
 5 SYSTEMPATH\Boot.php(67): CodeIgniter\Boot::runCodeIgniter(Object(CodeIgniter\CodeIgniter))
 6 FCPATH\index.php(56): CodeIgniter\Boot::bootWeb(Object(Config\Paths))
 7 SYSTEMPATH\rewrite.php(44): require_once('C:\\xampp\\htdocs\\perekaman_data_cuaca\\public\\index.php')
CRITICAL - 2024-12-18 08:18:18 --> Error: Call to undefined method CodeIgniter\Database\MySQLi\Connection::getUtils()
[Method: HEAD, Route: database/backup]
in APPPATH\Controllers\Database.php on line 25.
 1 SYSTEMPATH\CodeIgniter.php(933): App\Controllers\Database->backup()
 2 SYSTEMPATH\CodeIgniter.php(509): CodeIgniter\CodeIgniter->runController(Object(App\Controllers\Database))
 3 SYSTEMPATH\CodeIgniter.php(355): CodeIgniter\CodeIgniter->handleRequest(null, Object(Config\Cache), false)
 4 SYSTEMPATH\Boot.php(325): CodeIgniter\CodeIgniter->run()
 5 SYSTEMPATH\Boot.php(67): CodeIgniter\Boot::runCodeIgniter(Object(CodeIgniter\CodeIgniter))
 6 FCPATH\index.php(56): CodeIgniter\Boot::bootWeb(Object(Config\Paths))
 7 SYSTEMPATH\rewrite.php(44): require_once('C:\\xampp\\htdocs\\perekaman_data_cuaca\\public\\index.php')
CRITICAL - 2024-12-18 08:18:18 --> Error: Call to undefined method CodeIgniter\Database\MySQLi\Connection::getUtils()
[Method: HEAD, Route: database/backup]
in APPPATH\Controllers\Database.php on line 25.
 1 SYSTEMPATH\CodeIgniter.php(933): App\Controllers\Database->backup()
 2 SYSTEMPATH\CodeIgniter.php(509): CodeIgniter\CodeIgniter->runController(Object(App\Controllers\Database))
 3 SYSTEMPATH\CodeIgniter.php(355): CodeIgniter\CodeIgniter->handleRequest(null, Object(Config\Cache), false)
 4 SYSTEMPATH\Boot.php(325): CodeIgniter\CodeIgniter->run()
 5 SYSTEMPATH\Boot.php(67): CodeIgniter\Boot::runCodeIgniter(Object(CodeIgniter\CodeIgniter))
 6 FCPATH\index.php(56): CodeIgniter\Boot::bootWeb(Object(Config\Paths))
 7 SYSTEMPATH\rewrite.php(44): require_once('C:\\xampp\\htdocs\\perekaman_data_cuaca\\public\\index.php')
INFO - 2024-12-18 09:04:21 --> Session: Class initialized using 'CodeIgniter\Session\Handlers\FileHandler' driver.
INFO - 2024-12-18 09:05:33 --> Session: Class initialized using 'CodeIgniter\Session\Handlers\FileHandler' driver.
INFO - 2024-12-18 09:05:34 --> Session: Class initialized using 'CodeIgniter\Session\Handlers\FileHandler' driver.
INFO - 2024-12-18 09:05:34 --> Session: Class initialized using 'CodeIgniter\Session\Handlers\FileHandler' driver.
INFO - 2024-12-18 09:06:51 --> Session: Class initialized using 'CodeIgniter\Session\Handlers\FileHandler' driver.
INFO - 2024-12-18 09:07:08 --> Session: Class initialized using 'CodeIgniter\Session\Handlers\FileHandler' driver.
INFO - 2024-12-18 09:07:08 --> Session: Class initialized using 'CodeIgniter\Session\Handlers\FileHandler' driver.
INFO - 2024-12-18 09:07:38 --> Session: Class initialized using 'CodeIgniter\Session\Handlers\FileHandler' driver.
INFO - 2024-12-18 09:07:38 --> Session: Class initialized using 'CodeIgniter\Session\Handlers\FileHandler' driver.
INFO - 2024-12-18 09:07:38 --> Session: Class initialized using 'CodeIgniter\Session\Handlers\FileHandler' driver.
INFO - 2024-12-18 09:07:39 --> Session: Class initialized using 'CodeIgniter\Session\Handlers\FileHandler' driver.
INFO - 2024-12-18 09:07:39 --> Session: Class initialized using 'CodeIgniter\Session\Handlers\FileHandler' driver.
INFO - 2024-12-18 09:07:39 --> Session: Class initialized using 'CodeIgniter\Session\Handlers\FileHandler' driver.
INFO - 2024-12-18 09:07:39 --> Session: Class initialized using 'CodeIgniter\Session\Handlers\FileHandler' driver.
INFO - 2024-12-18 09:07:51 --> Session: Class initialized using 'CodeIgniter\Session\Handlers\FileHandler' driver.
INFO - 2024-12-18 09:07:51 --> Session: Class initialized using 'CodeIgniter\Session\Handlers\FileHandler' driver.
INFO - 2024-12-18 09:08:35 --> Session: Class initialized using 'CodeIgniter\Session\Handlers\FileHandler' driver.
INFO - 2024-12-18 09:08:37 --> Session: Class initialized using 'CodeIgniter\Session\Handlers\FileHandler' driver.
INFO - 2024-12-18 09:09:28 --> Session: Class initialized using 'CodeIgniter\Session\Handlers\FileHandler' driver.
INFO - 2024-12-18 09:11:15 --> Session: Class initialized using 'CodeIgniter\Session\Handlers\FileHandler' driver.
INFO - 2024-12-18 09:11:38 --> Session: Class initialized using 'CodeIgniter\Session\Handlers\FileHandler' driver.
INFO - 2024-12-18 09:13:40 --> Session: Class initialized using 'CodeIgniter\Session\Handlers\FileHandler' driver.
INFO - 2024-12-18 09:14:27 --> Session: Class initialized using 'CodeIgniter\Session\Handlers\FileHandler' driver.
CRITICAL - 2024-12-18 09:14:27 --> ErrorException: Undefined variable $status
[Method: GET, Route: administrator/kelola-pengguna]
in APPPATH\Views\pages\pengguna\monitoring.php on line 14.
 1 APPPATH\Views\pages\pengguna\monitoring.php(14): CodeIgniter\Debug\Exceptions->errorHandler(2, 'Undefined variable $status', 'C:\\xampp\\htdocs\\perekaman_data_cuaca\\app\\Views\\pages\\pengguna\\monitoring.php', 14)
 2 SYSTEMPATH\View\View.php(234): include('C:\\xampp\\htdocs\\perekaman_data_cuaca\\app\\Views\\pages\\pengguna\\monitoring.php')
 3 SYSTEMPATH\View\View.php(237): CodeIgniter\View\View->CodeIgniter\View\{closure}()
 4 SYSTEMPATH\Common.php(1171): CodeIgniter\View\View->render('pages/pengguna/monitoring', [], true)
 5 APPPATH\Views\wrapper.php(38): view('pages/pengguna/monitoring')
 6 SYSTEMPATH\View\View.php(234): include('C:\\xampp\\htdocs\\perekaman_data_cuaca\\app\\Views\\wrapper.php')
 7 SYSTEMPATH\View\View.php(237): CodeIgniter\View\View->CodeIgniter\View\{closure}()
 8 SYSTEMPATH\Common.php(1171): CodeIgniter\View\View->render('wrapper', [], true)
 9 APPPATH\Controllers\User.php(56): view('wrapper', [...])
10 SYSTEMPATH\CodeIgniter.php(933): App\Controllers\User->monitoring()
11 SYSTEMPATH\CodeIgniter.php(509): CodeIgniter\CodeIgniter->runController(Object(App\Controllers\User))
12 SYSTEMPATH\CodeIgniter.php(355): CodeIgniter\CodeIgniter->handleRequest(null, Object(Config\Cache), false)
13 SYSTEMPATH\Boot.php(325): CodeIgniter\CodeIgniter->run()
14 SYSTEMPATH\Boot.php(67): CodeIgniter\Boot::runCodeIgniter(Object(CodeIgniter\CodeIgniter))
15 FCPATH\index.php(56): CodeIgniter\Boot::bootWeb(Object(Config\Paths))
16 SYSTEMPATH\rewrite.php(44): require_once('C:\\xampp\\htdocs\\perekaman_data_cuaca\\public\\index.php')
INFO - 2024-12-18 09:14:56 --> Session: Class initialized using 'CodeIgniter\Session\Handlers\FileHandler' driver.
INFO - 2024-12-18 09:18:50 --> Session: Class initialized using 'CodeIgniter\Session\Handlers\FileHandler' driver.
INFO - 2024-12-18 09:19:18 --> Session: Class initialized using 'CodeIgniter\Session\Handlers\FileHandler' driver.
CRITICAL - 2024-12-18 09:19:18 --> ErrorException: Uncaught Error: Call to undefined method CodeIgniter\Debug\ExceptionHandler::extend() in C:\xampp\htdocs\perekaman_data_cuaca\app\Views\errors\html\error_404.php:1
Stack trace:
#0 C:\xampp\htdocs\perekaman_data_cuaca\system\Debug\BaseExceptionHandler.php(266): include()
#1 C:\xampp\htdocs\perekaman_data_cuaca\system\Debug\BaseExceptionHandler.php(269): CodeIgniter\Debug\BaseExceptionHandler->CodeIgniter\Debug\{closure}()
#2 C:\xampp\htdocs\perekaman_data_cuaca\system\Debug\ExceptionHandler.php(114): CodeIgniter\Debug\BaseExceptionHandler->render(Object(CodeIgniter\Exceptions\PageNotFoundException), 404, 'C:\\xampp\\htdocs...')
#3 C:\xampp\htdocs\perekaman_data_cuaca\system\Debug\Exceptions.php(163): CodeIgniter\Debug\ExceptionHandler->handle(Object(CodeIgniter\Exceptions\PageNotFoundException), Object(CodeIgniter\HTTP\IncomingRequest), Object(CodeIgniter\HTTP\Response), 404, 1)
#4 [internal function]: CodeIgniter\Debug\Exceptions->exceptionHandler(Object(CodeIgniter\Exceptions\PageNotFoundException))
#5 {main}
  thrown
【Previous Exception】
CodeIgniter\Exceptions\PageNotFoundException
Page Not Found
#0 C:\xampp\htdocs\perekaman_data_cuaca\system\CodeIgniter.php(981): CodeIgniter\Exceptions\PageNotFoundException::forPageNotFound(NULL)
#1 C:\xampp\htdocs\perekaman_data_cuaca\system\CodeIgniter.php(364): CodeIgniter\CodeIgniter->display404errors(Object(CodeIgniter\Exceptions\PageNotFoundException))
#2 C:\xampp\htdocs\perekaman_data_cuaca\system\Boot.php(325): CodeIgniter\CodeIgniter->run()
#3 C:\xampp\htdocs\perekaman_data_cuaca\system\Boot.php(67): CodeIgniter\Boot::runCodeIgniter(Object(CodeIgniter\CodeIgniter))
#4 C:\xampp\htdocs\perekaman_data_cuaca\public\index.php(56): CodeIgniter\Boot::bootWeb(Object(Config\Paths))
#5 C:\xampp\htdocs\perekaman_data_cuaca\system\rewrite.php(44): require_once('C:\\xampp\\htdocs...')
#6 {main}
[Method: GET, Route: administrator/tambah-user/berhasil]
in APPPATH\Views\errors\html\error_404.php on line 1.
 1 [internal function]: CodeIgniter\Debug\Exceptions->shutdownHandler()
CRITICAL - 2024-12-18 09:19:40 --> ErrorException: Uncaught Error: Call to undefined method CodeIgniter\Debug\ExceptionHandler::extend() in C:\xampp\htdocs\perekaman_data_cuaca\app\Views\errors\html\error_404.php:1
Stack trace:
#0 C:\xampp\htdocs\perekaman_data_cuaca\system\Debug\BaseExceptionHandler.php(266): include()
#1 C:\xampp\htdocs\perekaman_data_cuaca\system\Debug\BaseExceptionHandler.php(269): CodeIgniter\Debug\BaseExceptionHandler->CodeIgniter\Debug\{closure}()
#2 C:\xampp\htdocs\perekaman_data_cuaca\system\Debug\ExceptionHandler.php(114): CodeIgniter\Debug\BaseExceptionHandler->render(Object(CodeIgniter\Exceptions\PageNotFoundException), 404, 'C:\\xampp\\htdocs...')
#3 C:\xampp\htdocs\perekaman_data_cuaca\system\Debug\Exceptions.php(163): CodeIgniter\Debug\ExceptionHandler->handle(Object(CodeIgniter\Exceptions\PageNotFoundException), Object(CodeIgniter\HTTP\IncomingRequest), Object(CodeIgniter\HTTP\Response), 404, 1)
#4 [internal function]: CodeIgniter\Debug\Exceptions->exceptionHandler(Object(CodeIgniter\Exceptions\PageNotFoundException))
#5 {main}
  thrown
【Previous Exception】
CodeIgniter\Exceptions\PageNotFoundException
Controller or its method is not found: Administrator::tambah-user
#0 C:\xampp\htdocs\perekaman_data_cuaca\system\CodeIgniter.php(981): CodeIgniter\Exceptions\PageNotFoundException::forPageNotFound('Controller or i...')
#1 C:\xampp\htdocs\perekaman_data_cuaca\system\CodeIgniter.php(364): CodeIgniter\CodeIgniter->display404errors(Object(CodeIgniter\Exceptions\PageNotFoundException))
#2 C:\xampp\htdocs\perekaman_data_cuaca\system\Boot.php(325): CodeIgniter\CodeIgniter->run()
#3 C:\xampp\htdocs\perekaman_data_cuaca\system\Boot.php(67): CodeIgniter\Boot::runCodeIgniter(Object(CodeIgniter\CodeIgniter))
#4 C:\xampp\htdocs\perekaman_data_cuaca\public\index.php(56): CodeIgniter\Boot::bootWeb(Object(Config\Paths))
#5 C:\xampp\htdocs\perekaman_data_cuaca\system\rewrite.php(44): require_once('C:\\xampp\\htdocs...')
#6 {main}
[Method: GET, Route: administrator/tambah-user/berhasil]
in APPPATH\Views\errors\html\error_404.php on line 1.
 1 [internal function]: CodeIgniter\Debug\Exceptions->shutdownHandler()
INFO - 2024-12-18 09:22:20 --> Session: Class initialized using 'CodeIgniter\Session\Handlers\FileHandler' driver.
INFO - 2024-12-18 09:22:52 --> Session: Class initialized using 'CodeIgniter\Session\Handlers\FileHandler' driver.
INFO - 2024-12-18 09:36:40 --> Session: Class initialized using 'CodeIgniter\Session\Handlers\FileHandler' driver.
INFO - 2024-12-18 09:37:17 --> Session: Class initialized using 'CodeIgniter\Session\Handlers\FileHandler' driver.
INFO - 2024-12-18 09:37:17 --> Session: Class initialized using 'CodeIgniter\Session\Handlers\FileHandler' driver.
INFO - 2024-12-18 09:37:17 --> Session: Class initialized using 'CodeIgniter\Session\Handlers\FileHandler' driver.
INFO - 2024-12-18 09:37:26 --> Session: Class initialized using 'CodeIgniter\Session\Handlers\FileHandler' driver.
INFO - 2024-12-18 09:38:34 --> Session: Class initialized using 'CodeIgniter\Session\Handlers\FileHandler' driver.
CRITICAL - 2024-12-18 09:38:34 --> ErrorException: Uncaught Error: Call to undefined method CodeIgniter\Debug\ExceptionHandler::extend() in C:\xampp\htdocs\perekaman_data_cuaca\app\Views\errors\html\error_404.php:1
Stack trace:
#0 C:\xampp\htdocs\perekaman_data_cuaca\system\Debug\BaseExceptionHandler.php(266): include()
#1 C:\xampp\htdocs\perekaman_data_cuaca\system\Debug\BaseExceptionHandler.php(269): CodeIgniter\Debug\BaseExceptionHandler->CodeIgniter\Debug\{closure}()
#2 C:\xampp\htdocs\perekaman_data_cuaca\system\Debug\ExceptionHandler.php(114): CodeIgniter\Debug\BaseExceptionHandler->render(Object(CodeIgniter\Exceptions\PageNotFoundException), 404, 'C:\\xampp\\htdocs...')
#3 C:\xampp\htdocs\perekaman_data_cuaca\system\Debug\Exceptions.php(163): CodeIgniter\Debug\ExceptionHandler->handle(Object(CodeIgniter\Exceptions\PageNotFoundException), Object(CodeIgniter\HTTP\IncomingRequest), Object(CodeIgniter\HTTP\Response), 404, 1)
#4 [internal function]: CodeIgniter\Debug\Exceptions->exceptionHandler(Object(CodeIgniter\Exceptions\PageNotFoundException))
#5 {main}
  thrown
【Previous Exception】
CodeIgniter\Exceptions\PageNotFoundException
Page Not Found
#0 C:\xampp\htdocs\perekaman_data_cuaca\system\CodeIgniter.php(981): CodeIgniter\Exceptions\PageNotFoundException::forPageNotFound(NULL)
#1 C:\xampp\htdocs\perekaman_data_cuaca\system\CodeIgniter.php(364): CodeIgniter\CodeIgniter->display404errors(Object(CodeIgniter\Exceptions\PageNotFoundException))
#2 C:\xampp\htdocs\perekaman_data_cuaca\system\Boot.php(325): CodeIgniter\CodeIgniter->run()
#3 C:\xampp\htdocs\perekaman_data_cuaca\system\Boot.php(67): CodeIgniter\Boot::runCodeIgniter(Object(CodeIgniter\CodeIgniter))
#4 C:\xampp\htdocs\perekaman_data_cuaca\public\index.php(56): CodeIgniter\Boot::bootWeb(Object(Config\Paths))
#5 C:\xampp\htdocs\perekaman_data_cuaca\system\rewrite.php(44): require_once('C:\\xampp\\htdocs...')
#6 {main}
[Method: GET, Route: kelola-pengguna]
in APPPATH\Views\errors\html\error_404.php on line 1.
 1 [internal function]: CodeIgniter\Debug\Exceptions->shutdownHandler()
INFO - 2024-12-18 09:39:31 --> Session: Class initialized using 'CodeIgniter\Session\Handlers\FileHandler' driver.
INFO - 2024-12-18 09:39:52 --> Session: Class initialized using 'CodeIgniter\Session\Handlers\FileHandler' driver.
INFO - 2024-12-18 09:40:27 --> Session: Class initialized using 'CodeIgniter\Session\Handlers\FileHandler' driver.
INFO - 2024-12-18 09:40:28 --> Session: Class initialized using 'CodeIgniter\Session\Handlers\FileHandler' driver.
INFO - 2024-12-18 09:40:42 --> Session: Class initialized using 'CodeIgniter\Session\Handlers\FileHandler' driver.
CRITICAL - 2024-12-18 09:40:42 --> ErrorException: Uncaught Error: Call to undefined method CodeIgniter\Debug\ExceptionHandler::extend() in C:\xampp\htdocs\perekaman_data_cuaca\app\Views\errors\html\error_404.php:1
Stack trace:
#0 C:\xampp\htdocs\perekaman_data_cuaca\system\Debug\BaseExceptionHandler.php(266): include()
#1 C:\xampp\htdocs\perekaman_data_cuaca\system\Debug\BaseExceptionHandler.php(269): CodeIgniter\Debug\BaseExceptionHandler->CodeIgniter\Debug\{closure}()
#2 C:\xampp\htdocs\perekaman_data_cuaca\system\Debug\ExceptionHandler.php(114): CodeIgniter\Debug\BaseExceptionHandler->render(Object(CodeIgniter\Exceptions\PageNotFoundException), 404, 'C:\\xampp\\htdocs...')
#3 C:\xampp\htdocs\perekaman_data_cuaca\system\Debug\Exceptions.php(163): CodeIgniter\Debug\ExceptionHandler->handle(Object(CodeIgniter\Exceptions\PageNotFoundException), Object(CodeIgniter\HTTP\IncomingRequest), Object(CodeIgniter\HTTP\Response), 404, 1)
#4 [internal function]: CodeIgniter\Debug\Exceptions->exceptionHandler(Object(CodeIgniter\Exceptions\PageNotFoundException))
#5 {main}
  thrown
【Previous Exception】
CodeIgniter\Exceptions\PageNotFoundException
Page Not Found
#0 C:\xampp\htdocs\perekaman_data_cuaca\system\CodeIgniter.php(981): CodeIgniter\Exceptions\PageNotFoundException::forPageNotFound(NULL)
#1 C:\xampp\htdocs\perekaman_data_cuaca\system\CodeIgniter.php(364): CodeIgniter\CodeIgniter->display404errors(Object(CodeIgniter\Exceptions\PageNotFoundException))
#2 C:\xampp\htdocs\perekaman_data_cuaca\system\Boot.php(325): CodeIgniter\CodeIgniter->run()
#3 C:\xampp\htdocs\perekaman_data_cuaca\system\Boot.php(67): CodeIgniter\Boot::runCodeIgniter(Object(CodeIgniter\CodeIgniter))
#4 C:\xampp\htdocs\perekaman_data_cuaca\public\index.php(56): CodeIgniter\Boot::bootWeb(Object(Config\Paths))
#5 C:\xampp\htdocs\perekaman_data_cuaca\system\rewrite.php(44): require_once('C:\\xampp\\htdocs...')
#6 {main}
[Method: GET, Route: administrator/8/delete]
in APPPATH\Views\errors\html\error_404.php on line 1.
 1 [internal function]: CodeIgniter\Debug\Exceptions->shutdownHandler()
INFO - 2024-12-18 09:44:24 --> Session: Class initialized using 'CodeIgniter\Session\Handlers\FileHandler' driver.
INFO - 2024-12-18 09:44:24 --> Session: Class initialized using 'CodeIgniter\Session\Handlers\FileHandler' driver.
INFO - 2024-12-18 09:44:32 --> Session: Class initialized using 'CodeIgniter\Session\Handlers\FileHandler' driver.
INFO - 2024-12-18 09:44:32 --> Session: Class initialized using 'CodeIgniter\Session\Handlers\FileHandler' driver.
INFO - 2024-12-18 09:44:43 --> Session: Class initialized using 'CodeIgniter\Session\Handlers\FileHandler' driver.
INFO - 2024-12-18 09:44:43 --> Session: Class initialized using 'CodeIgniter\Session\Handlers\FileHandler' driver.
INFO - 2024-12-18 09:48:10 --> Session: Class initialized using 'CodeIgniter\Session\Handlers\FileHandler' driver.
INFO - 2024-12-18 09:49:43 --> Session: Class initialized using 'CodeIgniter\Session\Handlers\FileHandler' driver.
INFO - 2024-12-18 09:50:09 --> Session: Class initialized using 'CodeIgniter\Session\Handlers\FileHandler' driver.
CRITICAL - 2024-12-18 09:50:09 --> ErrorException: Uncaught Error: Call to undefined method CodeIgniter\Debug\ExceptionHandler::extend() in C:\xampp\htdocs\perekaman_data_cuaca\app\Views\errors\html\error_404.php:1
Stack trace:
#0 C:\xampp\htdocs\perekaman_data_cuaca\system\Debug\BaseExceptionHandler.php(266): include()
#1 C:\xampp\htdocs\perekaman_data_cuaca\system\Debug\BaseExceptionHandler.php(269): CodeIgniter\Debug\BaseExceptionHandler->CodeIgniter\Debug\{closure}()
#2 C:\xampp\htdocs\perekaman_data_cuaca\system\Debug\ExceptionHandler.php(114): CodeIgniter\Debug\BaseExceptionHandler->render(Object(CodeIgniter\Exceptions\PageNotFoundException), 404, 'C:\\xampp\\htdocs...')
#3 C:\xampp\htdocs\perekaman_data_cuaca\system\Debug\Exceptions.php(163): CodeIgniter\Debug\ExceptionHandler->handle(Object(CodeIgniter\Exceptions\PageNotFoundException), Object(CodeIgniter\HTTP\IncomingRequest), Object(CodeIgniter\HTTP\Response), 404, 1)
#4 [internal function]: CodeIgniter\Debug\Exceptions->exceptionHandler(Object(CodeIgniter\Exceptions\PageNotFoundException))
#5 {main}
  thrown
【Previous Exception】
CodeIgniter\Exceptions\PageNotFoundException
Page Not Found
#0 C:\xampp\htdocs\perekaman_data_cuaca\system\CodeIgniter.php(981): CodeIgniter\Exceptions\PageNotFoundException::forPageNotFound(NULL)
#1 C:\xampp\htdocs\perekaman_data_cuaca\system\CodeIgniter.php(364): CodeIgniter\CodeIgniter->display404errors(Object(CodeIgniter\Exceptions\PageNotFoundException))
#2 C:\xampp\htdocs\perekaman_data_cuaca\system\Boot.php(325): CodeIgniter\CodeIgniter->run()
#3 C:\xampp\htdocs\perekaman_data_cuaca\system\Boot.php(67): CodeIgniter\Boot::runCodeIgniter(Object(CodeIgniter\CodeIgniter))
#4 C:\xampp\htdocs\perekaman_data_cuaca\public\index.php(56): CodeIgniter\Boot::bootWeb(Object(Config\Paths))
#5 C:\xampp\htdocs\perekaman_data_cuaca\system\rewrite.php(44): require_once('C:\\xampp\\htdocs...')
#6 {main}
[Method: POST, Route: user/update]
in APPPATH\Views\errors\html\error_404.php on line 1.
 1 [internal function]: CodeIgniter\Debug\Exceptions->shutdownHandler()
INFO - 2024-12-18 09:50:09 --> Session: Class initialized using 'CodeIgniter\Session\Handlers\FileHandler' driver.
INFO - 2024-12-18 09:50:09 --> Session: Class initialized using 'CodeIgniter\Session\Handlers\FileHandler' driver.
INFO - 2024-12-18 09:50:09 --> Session: Class initialized using 'CodeIgniter\Session\Handlers\FileHandler' driver.
INFO - 2024-12-18 09:50:09 --> Session: Class initialized using 'CodeIgniter\Session\Handlers\FileHandler' driver.
INFO - 2024-12-18 09:50:09 --> Session: Class initialized using 'CodeIgniter\Session\Handlers\FileHandler' driver.
INFO - 2024-12-18 09:50:11 --> Session: Class initialized using 'CodeIgniter\Session\Handlers\FileHandler' driver.
INFO - 2024-12-18 09:51:17 --> Session: Class initialized using 'CodeIgniter\Session\Handlers\FileHandler' driver.
INFO - 2024-12-18 09:51:43 --> Session: Class initialized using 'CodeIgniter\Session\Handlers\FileHandler' driver.
INFO - 2024-12-18 09:51:43 --> Session: Class initialized using 'CodeIgniter\Session\Handlers\FileHandler' driver.
INFO - 2024-12-18 09:52:10 --> Session: Class initialized using 'CodeIgniter\Session\Handlers\FileHandler' driver.
INFO - 2024-12-18 09:52:10 --> Session: Class initialized using 'CodeIgniter\Session\Handlers\FileHandler' driver.
INFO - 2024-12-18 09:52:12 --> Session: Class initialized using 'CodeIgniter\Session\Handlers\FileHandler' driver.
INFO - 2024-12-18 09:52:13 --> Session: Class initialized using 'CodeIgniter\Session\Handlers\FileHandler' driver.
INFO - 2024-12-18 09:52:23 --> Session: Class initialized using 'CodeIgniter\Session\Handlers\FileHandler' driver.
INFO - 2024-12-18 09:52:23 --> Session: Class initialized using 'CodeIgniter\Session\Handlers\FileHandler' driver.
INFO - 2024-12-18 09:52:23 --> Session: Class initialized using 'CodeIgniter\Session\Handlers\FileHandler' driver.
INFO - 2024-12-18 09:52:23 --> Session: Class initialized using 'CodeIgniter\Session\Handlers\FileHandler' driver.
INFO - 2024-12-18 09:52:24 --> Session: Class initialized using 'CodeIgniter\Session\Handlers\FileHandler' driver.
INFO - 2024-12-18 09:52:24 --> Session: Class initialized using 'CodeIgniter\Session\Handlers\FileHandler' driver.
INFO - 2024-12-18 09:52:24 --> Session: Class initialized using 'CodeIgniter\Session\Handlers\FileHandler' driver.
